<?xml version="1.0" encoding="UTF-8"?>
<!-- Generated by org.testng.reporters.JUnitReportReporter -->
<testsuite hostname="FTQSH-L5220" name="com.emall.testcases.HighRiskFundBelongConfig" tests="3" failures="0" timestamp="8 Jul 2015 01:58:33 GMT" time="57.571" errors="0">
  <testcase name="FundBelongConfigFrontOfficeVerification" time="13.358" classname="com.emall.testcases.HighRiskFundBelongConfig"/>
  <testcase name="PositiveFundBelongConfigAndVerification" time="27.360" classname="com.emall.testcases.HighRiskFundBelongConfig"/>
  <testcase name="GeneralAdminEmallLogin" time="16.853" classname="com.emall.testcases.HighRiskFundBelongConfig"/>
</testsuite> <!-- com.emall.testcases.HighRiskFundBelongConfig -->
