<?xml version="1.0" encoding="UTF-8"?>
<!-- Generated by org.testng.reporters.JUnitReportReporter -->
<testsuite hostname="FTQSH-L5220" name="com.emall.fund.testcases.MostOutstandingFundBelongConfig" tests="3" failures="0" timestamp="10 Jul 2015 03:00:42 GMT" time="56.001" errors="0">
  <testcase name="FundBelongConfigFrontOfficeVerification" time="12.461" classname="com.emall.fund.testcases.MostOutstandingFundBelongConfig"/>
  <testcase name="GeneralAdminEmallLogin" time="15.906" classname="com.emall.fund.testcases.MostOutstandingFundBelongConfig"/>
  <testcase name="PositiveFundBelongConfigAndVerification" time="27.634" classname="com.emall.fund.testcases.MostOutstandingFundBelongConfig"/>
</testsuite> <!-- com.emall.fund.testcases.MostOutstandingFundBelongConfig -->
