<?xml version="1.0" encoding="UTF-8"?>
<!-- Generated by org.testng.reporters.JUnitReportReporter -->
<testsuite hostname="Admin-PC" name="com.operation.testcase.GeneralCommonRegisterFlow" tests="1" failures="0" timestamp="3 Dec 2015 09:32:05 GMT" time="74.126" errors="0">
  <testcase name="GeneralCommonRegister" time="74.126" classname="com.operation.testcase.GeneralCommonRegisterFlow"/>
</testsuite> <!-- com.operation.testcase.GeneralCommonRegisterFlow -->
