<?xml version="1.0" encoding="UTF-8"?>
<!-- Generated by org.testng.reporters.JUnitReportReporter -->
<testsuite hostname="FTQSH-L5220" name="com.emall.testcases.BestChoiceFundThemeAndBelongConfig" tests="4" failures="0" timestamp="8 Jul 2015 01:58:33 GMT" time="86.183" errors="0">
  <testcase name="PositiveFundBelongConfigAndVerification" time="25.996" classname="com.emall.testcases.BestChoiceFundThemeAndBelongConfig"/>
  <testcase name="GeneralAdminEmallLogin" time="15.515" classname="com.emall.testcases.BestChoiceFundThemeAndBelongConfig"/>
  <testcase name="PositiveThemeConfigAndVerification" time="30.558" classname="com.emall.testcases.BestChoiceFundThemeAndBelongConfig"/>
  <testcase name="BestChoiceFundConfigFrontOfficeVerification" time="14.114" classname="com.emall.testcases.BestChoiceFundThemeAndBelongConfig"/>
</testsuite> <!-- com.emall.testcases.BestChoiceFundThemeAndBelongConfig -->
