<?xml version="1.0" encoding="UTF-8"?>
<!-- Generated by org.testng.reporters.JUnitReportReporter -->
<testsuite hostname="FTQSH-L5220" name="com.emall.fund.testcases.HighRiskFundBelongConfig" tests="3" failures="0" timestamp="10 Jul 2015 03:00:42 GMT" time="56.040" errors="0">
  <testcase name="GeneralAdminEmallLogin" time="15.421" classname="com.emall.fund.testcases.HighRiskFundBelongConfig"/>
  <testcase name="FundBelongConfigFrontOfficeVerification" time="13.469" classname="com.emall.fund.testcases.HighRiskFundBelongConfig"/>
  <testcase name="PositiveFundBelongConfigAndVerification" time="27.150" classname="com.emall.fund.testcases.HighRiskFundBelongConfig"/>
</testsuite> <!-- com.emall.fund.testcases.HighRiskFundBelongConfig -->
