<?xml version="1.0" encoding="UTF-8"?>
<!-- Generated by org.testng.reporters.JUnitReportReporter -->
<testsuite hostname="Admin-PC" name="com.operation.testcase.GeneralQuickLoginFlow" tests="1" failures="0" timestamp="3 Dec 2015 09:32:05 GMT" time="8.532" errors="0">
  <testcase name="GeneralQuickLogin" time="8.532" classname="com.operation.testcase.GeneralQuickLoginFlow"/>
</testsuite> <!-- com.operation.testcase.GeneralQuickLoginFlow -->
