<?xml version="1.0" encoding="UTF-8"?>
<!-- Generated by org.testng.reporters.JUnitReportReporter -->
<testsuite hostname="FTQSH-L5220" name="com.emall.insurance.testcases.VerifyTest" tests="4" failures="0" timestamp="13 Jul 2015 10:13:13 GMT" time="55.832" errors="0">
  <testcase name="ShowInsuranceInfoAndVerify" time="7.261" classname="com.emall.insurance.testcases.VerifyTest"/>
  <testcase name="BuyQuicklyAndVerify" time="12.257" classname="com.emall.insurance.testcases.VerifyTest"/>
  <testcase name="SearchInsuranceAndVerify" time="16.767" classname="com.emall.insurance.testcases.VerifyTest"/>
  <testcase name="RegisterFcmmcore" time="19.547" classname="com.emall.insurance.testcases.VerifyTest"/>
</testsuite> <!-- com.emall.insurance.testcases.VerifyTest -->
