<?xml version="1.0" encoding="UTF-8"?>
<!-- Generated by org.testng.reporters.JUnitReportReporter -->
<testsuite hostname="Admin-PC" name="com.operation.testcase.GeneralQucickLoginFlow" tests="1" failures="0" timestamp="2 Dec 2015 06:43:42 GMT" time="10.381" errors="0">
  <testcase name="GeneralQuickLogin" time="10.381" classname="com.operation.testcase.GeneralQucickLoginFlow"/>
</testsuite> <!-- com.operation.testcase.GeneralQucickLoginFlow -->
