<?xml version="1.0" encoding="UTF-8"?>
<!-- Generated by org.testng.reporters.JUnitReportReporter -->
<testsuite hostname="FTQSH-L5220" name="com.emall.insurance.testcases.BuyPropertyInsuranceWithRegisterAndAutoLoginFlow" tests="17" failures="0" timestamp="17 Jul 2015 06:34:01 GMT" time="298.425" errors="0">
  <testcase name="BuyQuicklyAndVerify" time="12.230" classname="com.emall.insurance.testcases.BuyPropertyInsuranceWithRegisterAndAutoLoginFlow"/>
  <testcase name="CoverQuicklyAndVerify" time="7.217" classname="com.emall.insurance.testcases.BuyPropertyInsuranceWithRegisterAndAutoLoginFlow"/>
  <testcase name="SubmintInsurance" time="20.282" classname="com.emall.insurance.testcases.BuyPropertyInsuranceWithRegisterAndAutoLoginFlow"/>
  <testcase name="VerifyOrderTotalAmount" time="2.071" classname="com.emall.insurance.testcases.BuyPropertyInsuranceWithRegisterAndAutoLoginFlow"/>
  <testcase name="VerifyOrderStatus" time="18.200" classname="com.emall.insurance.testcases.BuyPropertyInsuranceWithRegisterAndAutoLoginFlow"/>
  <testcase name="VerifyInsuranceInfo" time="15.846" classname="com.emall.insurance.testcases.BuyPropertyInsuranceWithRegisterAndAutoLoginFlow"/>
  <testcase name="generalAutoLoginAndVerify" time="12.437" classname="com.emall.insurance.testcases.BuyPropertyInsuranceWithRegisterAndAutoLoginFlow"/>
  <testcase name="AdminVerifyPolicy" time="2.136" classname="com.emall.insurance.testcases.BuyPropertyInsuranceWithRegisterAndAutoLoginFlow"/>
  <testcase name="AdminSearchProduct" time="24.863" classname="com.emall.insurance.testcases.BuyPropertyInsuranceWithRegisterAndAutoLoginFlow"/>
  <testcase name="SubmitPaymentInfoAndVerify" time="40.884" classname="com.emall.insurance.testcases.BuyPropertyInsuranceWithRegisterAndAutoLoginFlow"/>
  <testcase name="InputInsuranceInfoWithAutoLogin" time="28.775" classname="com.emall.insurance.testcases.BuyPropertyInsuranceWithRegisterAndAutoLoginFlow"/>
  <testcase name="SelectPaymentPattern" time="12.496" classname="com.emall.insurance.testcases.BuyPropertyInsuranceWithRegisterAndAutoLoginFlow"/>
  <testcase name="ShowInsuranceInfoAndVerify" time="7.273" classname="com.emall.insurance.testcases.BuyPropertyInsuranceWithRegisterAndAutoLoginFlow"/>
  <testcase name="GeneralAdminEmallLogin" time="15.371" classname="com.emall.insurance.testcases.BuyPropertyInsuranceWithRegisterAndAutoLoginFlow"/>
  <testcase name="RegisterFcmmcore" time="51.482" classname="com.emall.insurance.testcases.BuyPropertyInsuranceWithRegisterAndAutoLoginFlow"/>
  <testcase name="SearchInsuranceAndVerify" time="24.686" classname="com.emall.insurance.testcases.BuyPropertyInsuranceWithRegisterAndAutoLoginFlow"/>
  <testcase name="AutoLogintoBuyAndVerify" time="2.176" classname="com.emall.insurance.testcases.BuyPropertyInsuranceWithRegisterAndAutoLoginFlow"/>
</testsuite> <!-- com.emall.insurance.testcases.BuyPropertyInsuranceWithRegisterAndAutoLoginFlow -->
