<?xml version="1.0" encoding="UTF-8"?>
<!-- Generated by org.testng.reporters.JUnitReportReporter -->
<testsuite hostname="FTQSH-L5220" name="com.paic.testcases.HighRiskFundBelongConfig" tests="1" failures="0" timestamp="2 Jul 2015 07:00:15 GMT" time="47.838" errors="0">
  <testcase name="GeneralFundBelongConfig" time="47.838" classname="com.paic.testcases.HighRiskFundBelongConfig"/>
</testsuite> <!-- com.paic.testcases.HighRiskFundBelongConfig -->
