<?xml version="1.0" encoding="UTF-8"?>
<!-- Generated by org.testng.reporters.JUnitReportReporter -->
<testsuite hostname="Admin-PC" name="com.operation.testcase.GeneralCommonReAndLoginFlow" tests="2" failures="1" timestamp="26 Nov 2015 08:25:00 GMT" time="118.779" errors="0">
  <testcase name="GeneralCommonLogin" time="55.912" classname="com.operation.testcase.GeneralCommonReAndLoginFlow"/>
  <testcase name="GeneralCommonRegister" time="62.867" classname="com.operation.testcase.GeneralCommonReAndLoginFlow">
    <failure type="java.lang.RuntimeException" message="Unexpected result for screenshot command: null">
      <![CDATA[java.lang.RuntimeException: Unexpected result for screenshot command: null
	at org.openqa.selenium.remote.RemoteWebDriver.getScreenshotAs(RemoteWebDriver.java:339)
	at com.cx.util.ScreenShot.takeScreenshot(ScreenShot.java:23)
	at com.cx.util.ScreenShot.takeScreenshot(ScreenShot.java:38)
	at com.cx.base.Locator.waitElementToBeDisplayed(Locator.java:95)
	at com.cx.base.Locator.getLocator(Locator.java:131)
	at com.cx.base.Locator.getLocator(Locator.java:149)
	at com.cx.base.Locator.getElement(Locator.java:158)
	at com.operation.elements.Element_CommonReAndLogin_Page.closeBtn(Element_CommonReAndLogin_Page.java:23)
	at com.operation.business.CommonReAndLogin_Page.commonRegister(CommonReAndLogin_Page.java:91)
	at com.operation.testcase.GeneralCommonReAndLoginFlow.GeneralCommonRegister(GeneralCommonReAndLoginFlow.java:54)
	at sun.reflect.NativeMethodAccessorImpl.invoke0(Native Method)
	at sun.reflect.NativeMethodAccessorImpl.invoke(Unknown Source)
	at sun.reflect.DelegatingMethodAccessorImpl.invoke(Unknown Source)
	at java.lang.reflect.Method.invoke(Unknown Source)
	at org.testng.internal.MethodInvocationHelper.invokeMethod(MethodInvocationHelper.java:84)
	at org.testng.internal.Invoker.invokeMethod(Invoker.java:714)
	at org.testng.internal.Invoker.invokeTestMethod(Invoker.java:901)
	at org.testng.internal.Invoker.invokeTestMethods(Invoker.java:1231)
	at org.testng.internal.TestMethodWorker.invokeTestMethods(TestMethodWorker.java:127)
	at org.testng.internal.TestMethodWorker.run(TestMethodWorker.java:111)
	at org.testng.TestRunner.privateRun(TestRunner.java:767)
	at org.testng.TestRunner.run(TestRunner.java:617)
	at org.testng.SuiteRunner.runTest(SuiteRunner.java:334)
	at org.testng.SuiteRunner.runSequentially(SuiteRunner.java:329)
	at org.testng.SuiteRunner.privateRun(SuiteRunner.java:291)
	at org.testng.SuiteRunner.run(SuiteRunner.java:240)
	at org.testng.SuiteRunnerWorker.runSuite(SuiteRunnerWorker.java:52)
	at org.testng.SuiteRunnerWorker.run(SuiteRunnerWorker.java:86)
	at org.testng.TestNG.runSuitesSequentially(TestNG.java:1224)
	at org.testng.TestNG.runSuitesLocally(TestNG.java:1149)
	at org.testng.TestNG.run(TestNG.java:1057)
	at org.testng.remote.RemoteTestNG.run(RemoteTestNG.java:111)
	at org.testng.remote.RemoteTestNG.initAndRun(RemoteTestNG.java:204)
	at org.testng.remote.RemoteTestNG.main(RemoteTestNG.java:175)
]]>
    </failure>
  </testcase> <!-- GeneralCommonRegister -->
</testsuite> <!-- com.operation.testcase.GeneralCommonReAndLoginFlow -->
