<?xml version="1.0" encoding="UTF-8"?>
<!-- Generated by org.testng.reporters.JUnitReportReporter -->
<testsuite hostname="FTQSH-L5220" name="com.paic.testcases.ZuiNiuFundBelongConfig" tests="1" failures="0" timestamp="2 Jul 2015 06:58:56 GMT" time="75.340" errors="0">
  <testcase name="GeneralFundBelongConfig" time="75.340" classname="com.paic.testcases.ZuiNiuFundBelongConfig"/>
</testsuite> <!-- com.paic.testcases.ZuiNiuFundBelongConfig -->
