<?xml version="1.0" encoding="UTF-8"?>
<!-- Generated by org.testng.reporters.JUnitReportReporter -->
<testsuite hostname="FTQSH-L5220" name="com.emall.insurance.testcases.LoginAndVerifyOrder" tests="4" failures="0" timestamp="16 Jul 2015 07:45:15 GMT" time="69.176" errors="0">
  <testcase name="VerifyOrderTotalAmount" time="2.155" classname="com.emall.insurance.testcases.LoginAndVerifyOrder"/>
  <testcase name="GeneralFcmmcoreLoginAndVerify" time="34.137" classname="com.emall.insurance.testcases.LoginAndVerifyOrder"/>
  <testcase name="QuotePageAndVerify" time="12.398" classname="com.emall.insurance.testcases.LoginAndVerifyOrder"/>
  <testcase name="VerifyOrderStatus" time="20.486" classname="com.emall.insurance.testcases.LoginAndVerifyOrder"/>
</testsuite> <!-- com.emall.insurance.testcases.LoginAndVerifyOrder -->
