<?xml version="1.0" encoding="UTF-8"?>
<!-- Generated by org.testng.reporters.JUnitReportReporter -->
<testsuite hostname="FTQSH-L5220" name="com.emall.fund.testcases.LowRiskFundBelongConfig" tests="3" failures="0" timestamp="10 Jul 2015 03:00:42 GMT" time="61.519" errors="0">
  <testcase name="GeneralAdminEmallLogin" time="15.522" classname="com.emall.fund.testcases.LowRiskFundBelongConfig"/>
  <testcase name="FundBelongConfigFrontOfficeVerification" time="18.430" classname="com.emall.fund.testcases.LowRiskFundBelongConfig"/>
  <testcase name="PositiveFundBelongConfigAndVerification" time="27.567" classname="com.emall.fund.testcases.LowRiskFundBelongConfig"/>
</testsuite> <!-- com.emall.fund.testcases.LowRiskFundBelongConfig -->
