<?xml version="1.0" encoding="UTF-8"?>
<!-- Generated by org.testng.reporters.JUnitReportReporter -->
<testsuite hostname="FTQSH-L5220" name="com.emall.testcases.LowRiskFundBelongConfig" tests="3" failures="0" timestamp="6 Jul 2015 13:16:17 GMT" time="55.011" errors="0">
  <testcase name="GeneralFundBelongConfig" time="23.345" classname="com.emall.testcases.LowRiskFundBelongConfig"/>
  <testcase name="GeneralAdminEmallLogin" time="15.539" classname="com.emall.testcases.LowRiskFundBelongConfig"/>
  <testcase name="GeneralFundBelongConfigFrontOfficeVerify" time="16.127" classname="com.emall.testcases.LowRiskFundBelongConfig"/>
</testsuite> <!-- com.emall.testcases.LowRiskFundBelongConfig -->
