<?xml version="1.0" encoding="UTF-8"?>
<!-- Generated by org.testng.reporters.JUnitReportReporter -->
<testsuite hostname="FTQSH-L5220" name="com.emall.testcases.MostOutstandingFundBelongConfig" tests="3" failures="0" timestamp="8 Jul 2015 01:58:33 GMT" time="55.554" errors="0">
  <testcase name="FundBelongConfigFrontOfficeVerification" time="12.493" classname="com.emall.testcases.MostOutstandingFundBelongConfig"/>
  <testcase name="GeneralAdminEmallLogin" time="15.952" classname="com.emall.testcases.MostOutstandingFundBelongConfig"/>
  <testcase name="PositiveFundBelongConfigAndVerification" time="27.109" classname="com.emall.testcases.MostOutstandingFundBelongConfig"/>
</testsuite> <!-- com.emall.testcases.MostOutstandingFundBelongConfig -->
