<?xml version="1.0" encoding="UTF-8"?>
<!-- Generated by org.testng.reporters.JUnitReportReporter -->
<testsuite hostname="Admin-PC" name="com.operation.testcase.GeneralCSCLogoutPassFlow" tests="1" failures="0" timestamp="3 Dec 2015 09:32:05 GMT" time="24.995" errors="0">
  <testcase name="GeneralAdminLogout" time="24.995" classname="com.operation.testcase.GeneralCSCLogoutPassFlow"/>
</testsuite> <!-- com.operation.testcase.GeneralCSCLogoutPassFlow -->
