<?xml version="1.0" encoding="UTF-8"?>
<!-- Generated by org.testng.reporters.JUnitReportReporter -->
<testsuite hostname="Admin-PC" name="com.operation.testcase.GeneralFoCxfLoginPassFlow" tests="1" failures="0" timestamp="2 Dec 2015 07:53:28 GMT" time="12.867" errors="0">
  <testcase name="CxfLogin" time="12.867" classname="com.operation.testcase.GeneralFoCxfLoginPassFlow"/>
</testsuite> <!-- com.operation.testcase.GeneralFoCxfLoginPassFlow -->
