<?xml version="1.0" encoding="UTF-8"?>
<!-- Generated by org.testng.reporters.JUnitReportReporter -->
<testsuite hostname="LH900713" name="com.operation.testcase.GeneralBoLoginPassFlow" tests="1" failures="0" timestamp="11 Sep 2015 14:33:50 GMT" time="16.974" errors="0">
  <testcase name="GeneralAdminLogin" time="16.974" classname="com.operation.testcase.GeneralBoLoginPassFlow"/>
</testsuite> <!-- com.operation.testcase.GeneralBoLoginPassFlow -->
