<?xml version="1.0" encoding="UTF-8"?>
<!-- Generated by org.testng.reporters.JUnitReportReporter -->
<testsuite hostname="Admin-PC" name="com.operation.testcase.GeneralQuickRegisterFlow" tests="1" failures="0" timestamp="3 Dec 2015 09:32:05 GMT" time="65.811" errors="0">
  <testcase name="GeneralQuickRegister" time="65.811" classname="com.operation.testcase.GeneralQuickRegisterFlow"/>
</testsuite> <!-- com.operation.testcase.GeneralQuickRegisterFlow -->
