<?xml version="1.0" encoding="UTF-8"?>
<!-- Generated by org.testng.reporters.JUnitReportReporter -->
<testsuite hostname="Admin-PC" name="com.operation.testcase.GeneralCSCLoginPassFlow" tests="1" failures="0" timestamp="3 Dec 2015 09:32:05 GMT" time="23.706" errors="0">
  <testcase name="GeneralAdminLogin" time="23.706" classname="com.operation.testcase.GeneralCSCLoginPassFlow"/>
</testsuite> <!-- com.operation.testcase.GeneralCSCLoginPassFlow -->
