<?xml version="1.0" encoding="UTF-8"?>
<!-- Generated by org.testng.reporters.JUnitReportReporter -->
<testsuite hostname="FTQSH-L5220" name="com.emall.insurance.testcases.BuyPropertyInsuranceWithoutLoginFlow" tests="13" failures="0" timestamp="17 Jul 2015 06:38:00 GMT" time="221.241" errors="0">
  <testcase name="VerifyInsuranceInfo" time="15.831" classname="com.emall.insurance.testcases.BuyPropertyInsuranceWithoutLoginFlow"/>
  <testcase name="BuyQuicklyAndVerify" time="12.228" classname="com.emall.insurance.testcases.BuyPropertyInsuranceWithoutLoginFlow"/>
  <testcase name="AdminVerifyPolicy" time="2.146" classname="com.emall.insurance.testcases.BuyPropertyInsuranceWithoutLoginFlow"/>
  <testcase name="SelectPaymentPattern" time="12.598" classname="com.emall.insurance.testcases.BuyPropertyInsuranceWithoutLoginFlow"/>
  <testcase name="AdminSearchProduct" time="26.900" classname="com.emall.insurance.testcases.BuyPropertyInsuranceWithoutLoginFlow"/>
  <testcase name="SubmintInsurance" time="22.320" classname="com.emall.insurance.testcases.BuyPropertyInsuranceWithoutLoginFlow"/>
  <testcase name="SearchInsuranceAndVerify" time="22.005" classname="com.emall.insurance.testcases.BuyPropertyInsuranceWithoutLoginFlow"/>
  <testcase name="SubmitPaymentInfoAndVerify" time="40.964" classname="com.emall.insurance.testcases.BuyPropertyInsuranceWithoutLoginFlow"/>
  <testcase name="ShowInsuranceInfoAndVerify" time="7.271" classname="com.emall.insurance.testcases.BuyPropertyInsuranceWithoutLoginFlow"/>
  <testcase name="CoverQuicklyAndVerify" time="7.233" classname="com.emall.insurance.testcases.BuyPropertyInsuranceWithoutLoginFlow"/>
  <testcase name="GeneralAdminEmallLogin" time="14.994" classname="com.emall.insurance.testcases.BuyPropertyInsuranceWithoutLoginFlow"/>
  <testcase name="AvoidLogintoBuyAndVerify" time="12.287" classname="com.emall.insurance.testcases.BuyPropertyInsuranceWithoutLoginFlow"/>
  <testcase name="InputInsuranceInfo" time="24.464" classname="com.emall.insurance.testcases.BuyPropertyInsuranceWithoutLoginFlow"/>
</testsuite> <!-- com.emall.insurance.testcases.BuyPropertyInsuranceWithoutLoginFlow -->
