<?xml version="1.0" encoding="UTF-8"?>
<!-- Generated by org.testng.reporters.JUnitReportReporter -->
<testsuite hostname="FTQSH-L5220" name="com.paic.testcases.FundBelongConfig" tests="1" failures="0" timestamp="2 Jul 2015 03:50:26 GMT" time="50.241" errors="0">
  <testcase name="GeneralFundBelongConfig" time="50.241" classname="com.paic.testcases.FundBelongConfig"/>
</testsuite> <!-- com.paic.testcases.FundBelongConfig -->
