<?xml version="1.0" encoding="UTF-8"?>
<!-- Generated by org.testng.reporters.JUnitReportReporter -->
<testsuite hostname="FTQSH-L5220" name="com.emall.testcases.MediumRiskFundBelongConfig" tests="6" failures="0" timestamp="8 Jul 2015 01:58:33 GMT" time="123.521" errors="0">
  <testcase name="GeneralAdminEmallLogin" time="15.798" classname="com.emall.testcases.MediumRiskFundBelongConfig"/>
  <testcase name="PositiveFundBelongConfigAndVerification" time="26.798" classname="com.emall.testcases.MediumRiskFundBelongConfig"/>
  <testcase name="FundBelongConfigFrontOfficeVerification" time="18.250" classname="com.emall.testcases.MediumRiskFundBelongConfig"/>
  <testcase name="PositiveFundBelongConfigAndVerification" time="26.775" classname="com.emall.testcases.MediumRiskFundBelongConfig"/>
  <testcase name="FundBelongConfigFrontOfficeVerification" time="18.368" classname="com.emall.testcases.MediumRiskFundBelongConfig"/>
  <testcase name="GeneralAdminEmallLogin" time="17.532" classname="com.emall.testcases.MediumRiskFundBelongConfig"/>
</testsuite> <!-- com.emall.testcases.MediumRiskFundBelongConfig -->
