<?xml version="1.0" encoding="UTF-8"?>
<!-- Generated by org.testng.reporters.JUnitReportReporter -->
<testsuite hostname="Admin-PC" name="com.operation.testcase.GeneralCommonLoginFlow" tests="1" failures="0" timestamp="3 Dec 2015 09:32:05 GMT" time="15.174" errors="0">
  <testcase name="GeneralCommonLogin" time="15.174" classname="com.operation.testcase.GeneralCommonLoginFlow"/>
</testsuite> <!-- com.operation.testcase.GeneralCommonLoginFlow -->
