<?xml version="1.0" encoding="UTF-8"?>
<!-- Generated by org.testng.reporters.JUnitReportReporter -->
<testsuite hostname="FTQSH-L5220" name="com.emall.insurance.testcases.BuyPropertyInsuranceWithAllStatusFlow" tests="23" failures="0" timestamp="17 Jul 2015 06:45:01 GMT" time="341.255" errors="0">
  <testcase name="VerifyOrderTotalAmount" time="2.071" classname="com.emall.insurance.testcases.BuyPropertyInsuranceWithAllStatusFlow"/>
  <testcase name="SwitchToOrderCenterAgain" time="0.019" classname="com.emall.insurance.testcases.BuyPropertyInsuranceWithAllStatusFlow"/>
  <testcase name="VerifyPageSwitch" time="7.431" classname="com.emall.insurance.testcases.BuyPropertyInsuranceWithAllStatusFlow"/>
  <testcase name="SubmintInsurance" time="20.338" classname="com.emall.insurance.testcases.BuyPropertyInsuranceWithAllStatusFlow"/>
  <testcase name="AdminSearchProduct" time="24.530" classname="com.emall.insurance.testcases.BuyPropertyInsuranceWithAllStatusFlow"/>
  <testcase name="VerifyOrderStatus_NoPay" time="18.374" classname="com.emall.insurance.testcases.BuyPropertyInsuranceWithAllStatusFlow"/>
  <testcase name="SwitchToOrderCenter" time="0.116" classname="com.emall.insurance.testcases.BuyPropertyInsuranceWithAllStatusFlow"/>
  <testcase name="ShowInsuranceInfoAndVerify" time="7.264" classname="com.emall.insurance.testcases.BuyPropertyInsuranceWithAllStatusFlow"/>
  <testcase name="GeneralAdminEmallLogin" time="17.613" classname="com.emall.insurance.testcases.BuyPropertyInsuranceWithAllStatusFlow"/>
  <testcase name="CoverQuicklyAndVerify" time="7.206" classname="com.emall.insurance.testcases.BuyPropertyInsuranceWithAllStatusFlow"/>
  <testcase name="RegisterFcmmcore" time="52.636" classname="com.emall.insurance.testcases.BuyPropertyInsuranceWithAllStatusFlow"/>
  <testcase name="SubmitPaymentInfoAndVerify" time="40.967" classname="com.emall.insurance.testcases.BuyPropertyInsuranceWithAllStatusFlow"/>
  <testcase name="VerifyInsuranceInfo" time="15.822" classname="com.emall.insurance.testcases.BuyPropertyInsuranceWithAllStatusFlow"/>
  <testcase name="SearchInsuranceAndVerify" time="21.425" classname="com.emall.insurance.testcases.BuyPropertyInsuranceWithAllStatusFlow"/>
  <testcase name="VerifyOrderStatus_Pay" time="15.890" classname="com.emall.insurance.testcases.BuyPropertyInsuranceWithAllStatusFlow"/>
  <testcase name="SelectPaymentPattern" time="11.267" classname="com.emall.insurance.testcases.BuyPropertyInsuranceWithAllStatusFlow"/>
  <testcase name="InputInsuranceInfoWithAutoLogin" time="29.047" classname="com.emall.insurance.testcases.BuyPropertyInsuranceWithAllStatusFlow"/>
  <testcase name="CoutinuePayAndVerify" time="7.286" classname="com.emall.insurance.testcases.BuyPropertyInsuranceWithAllStatusFlow"/>
  <testcase name="AutoLogintoBuyAndVerify" time="2.173" classname="com.emall.insurance.testcases.BuyPropertyInsuranceWithAllStatusFlow"/>
  <testcase name="BuyQuicklyAndVerify" time="12.246" classname="com.emall.insurance.testcases.BuyPropertyInsuranceWithAllStatusFlow"/>
  <testcase name="VerifyOrderStatus_NoHandle" time="18.143" classname="com.emall.insurance.testcases.BuyPropertyInsuranceWithAllStatusFlow"/>
  <testcase name="QuotePageAndVerify" time="7.264" classname="com.emall.insurance.testcases.BuyPropertyInsuranceWithAllStatusFlow"/>
  <testcase name="AdminVerifyPolicy" time="2.127" classname="com.emall.insurance.testcases.BuyPropertyInsuranceWithAllStatusFlow"/>
</testsuite> <!-- com.emall.insurance.testcases.BuyPropertyInsuranceWithAllStatusFlow -->
