<?xml version="1.0" encoding="UTF-8"?>
<!-- Generated by org.testng.reporters.JUnitReportReporter -->
<testsuite hostname="Admin-PC" name="com.operation.testcase.GeneralCSCMenuOperateFlow" tests="1" failures="0" timestamp="3 Dec 2015 09:32:05 GMT" time="34.550" errors="0">
  <testcase name="OperateCSCMenu" time="34.550" classname="com.operation.testcase.GeneralCSCMenuOperateFlow"/>
</testsuite> <!-- com.operation.testcase.GeneralCSCMenuOperateFlow -->
